<?xml version="1.0" encoding="UTF-8"?>
<!-- Generated by org.testng.reporters.JUnitXMLReporter -->
<testsuite ignored="0" hostname="Cecill-NB" failures="0" tests="5" name="DT50 Android Testing" time="233.798" errors="0" timestamp="2025-02-05T09:41:29 SAST">
  <testcase classname="mobi.test.MobiScoutingTest" name="AngriAPKMobiLogin" time="13.968"/>
  <testcase classname="mobi.test.MobiScoutingTest" name="ScoutingAddBaitTrap" time="0.001"/>
  <testcase classname="mobi.test.MobiScoutingTest" name="ScoutingAddFruitCare" time="0.003"/>
  <testcase classname="mobi.test.MobiScoutingTest" name="ScoutingInfestations" time="0.003"/>
  <testcase classname="mobi.test.MobiScoutingTest" name="ScoutingIrrigation" time="204.507"/>
</testsuite> <!-- DT50 Android Testing -->
