<?xml version="1.0" encoding="UTF-8"?>
<!-- Generated by org.testng.reporters.JUnitXMLReporter -->
<testsuite ignored="0" hostname="Cecill-NB" failures="1" tests="6" name="FireFox Browser Testing" time="51.541" errors="0" timestamp="2025-02-08T14:41:04 SAST">
  <testcase classname="web.test.WebPlaceOrder" name="login" time="4.187"/>
  <testcase classname="web.test.WebPlaceOrder" name="addItemsToCart" time="5.676"/>
  <testcase classname="web.test.WebPlaceOrder" name="viewAndVeryfiyCartItems" time="5.508"/>
  <testcase classname="web.test.WebPlaceOrder" name="checkOutProcess" time="10.291"/>
  <testcase classname="web.test.WebPlaceOrder" name="finishCheckOut" time="0.44"/>
  <testcase classname="web.test.WebPlaceOrder" name="logOut" time="1.0">
    <failure type="java.lang.AssertionError" message="expected [https://www.saucedemo.com/] but found [https://www.saucedemo.com/checkout-complete.html]">
      <![CDATA[java.lang.AssertionError: expected [https://www.saucedemo.com/] but found [https://www.saucedemo.com/checkout-complete.html]
at test.pages.web.WebSideMenu.checkLoggedOutUrls(WebSideMenu.java:42)
at web.test.WebPlaceOrder.logOut(WebPlaceOrder.java:114)
at java.base/java.util.ArrayList.forEach(ArrayList.java:1597)
... Removed 31 stack frames]]>
    </failure>
  </testcase> <!-- logOut -->
</testsuite> <!-- FireFox Browser Testing -->
