<?xml version="1.0" encoding="UTF-8"?>
<!-- Generated by org.testng.reporters.JUnitXMLReporter -->
<testsuite ignored="0" hostname="Cecill-NB" failures="1" tests="2" name="Test on Device 3" time="46.3" errors="0" timestamp="2025-01-08T13:53:29 SAST">
  <testcase classname="test.test.LoginTest" name="Login" time="33.109">
    <failure type="org.openqa.selenium.StaleElementReferenceException" message="The element &amp;apos;By.id: za.co.trenstar.android.scanner.dt50_android_11:id/login_sign_in_button&amp;apos; does not exist in DOM anymore
For documentation on this error, please visit: https://www.selenium.dev/documentation/webdriver/troubleshooting/errors#stale-element-reference-exception
Build info: version: &amp;apos;4.27.0&amp;apos;, revision: &amp;apos;d6e718d134&amp;apos;
System info: os.name: &amp;apos;Windows 11&amp;apos;, os.arch: &amp;apos;amd64&amp;apos;, os.version: &amp;apos;10.0&amp;apos;, java.version: &amp;apos;23.0.1&amp;apos;
Driver info: io.appium.java_client.AppiumDriver
Command: [9e9026d9-1f74-4cbd-9362-8342cc013f2c, clickElement {id=00000000-0000-015f-ffff-ffff00000023}]
Capabilities {appium:appActivity: za.co.trenstar.android.acti..., appium:appPackage: za.co.trenstar.android.scan..., appium:automationName: UiAutomator2, appium:databaseEnabled: false, appium:desired: {appActivity: za.co.trenstar.android.acti..., appPackage: za.co.trenstar.android.scan..., automationName: UiAutomator2, deviceName: DT50U, noReset: true, platformName: ANDROID, udid: 01782328012811}, appium:deviceApiLevel: 30, appium:deviceManufacturer: Urovo, appium:deviceModel: DT50, appium:deviceName: 01782328012811, appium:deviceScreenDensity: 320, appium:deviceScreenSize: 720x1440, appium:deviceUDID: 01782328012811, appium:javascriptEnabled: true, appium:locationContextEnabled: false, appium:networkConnectionEnabled: true, appium:noReset: true, appium:pixelRatio: 2, appium:platformVersion: 11, appium:statBarHeight: 48, appium:takesScreenshot: true, appium:udid: 01782328012811, appium:viewportRect: {height: 1392, left: 0, top: 48, width: 720}, appium:warnings: {}, appium:webStorageEnabled: false, platformName: ANDROID}
Element: [[AppiumDriver:  on ANDROID (9e9026d9-1f74-4cbd-9362-8342cc013f2c)] -&amp;gt; id: za.co.trenstar.android.scanner.dt50_android_11:id/login_sign_in_button]
Session ID: 9e9026d9-1f74-4cbd-9362-8342cc013f2c">
      <![CDATA[org.openqa.selenium.StaleElementReferenceException: The element 'By.id: za.co.trenstar.android.scanner.dt50_android_11:id/login_sign_in_button' does not exist in DOM anymore
For documentation on this error, please visit: https://www.selenium.dev/documentation/webdriver/troubleshooting/errors#stale-element-reference-exception
Build info: version: '4.27.0', revision: 'd6e718d134'
System info: os.name: 'Windows 11', os.arch: 'amd64', os.version: '10.0', java.version: '23.0.1'
Driver info: io.appium.java_client.AppiumDriver
Command: [9e9026d9-1f74-4cbd-9362-8342cc013f2c, clickElement {id=00000000-0000-015f-ffff-ffff00000023}]
Capabilities {appium:appActivity: za.co.trenstar.android.acti..., appium:appPackage: za.co.trenstar.android.scan..., appium:automationName: UiAutomator2, appium:databaseEnabled: false, appium:desired: {appActivity: za.co.trenstar.android.acti..., appPackage: za.co.trenstar.android.scan..., automationName: UiAutomator2, deviceName: DT50U, noReset: true, platformName: ANDROID, udid: 01782328012811}, appium:deviceApiLevel: 30, appium:deviceManufacturer: Urovo, appium:deviceModel: DT50, appium:deviceName: 01782328012811, appium:deviceScreenDensity: 320, appium:deviceScreenSize: 720x1440, appium:deviceUDID: 01782328012811, appium:javascriptEnabled: true, appium:locationContextEnabled: false, appium:networkConnectionEnabled: true, appium:noReset: true, appium:pixelRatio: 2, appium:platformVersion: 11, appium:statBarHeight: 48, appium:takesScreenshot: true, appium:udid: 01782328012811, appium:viewportRect: {height: 1392, left: 0, top: 48, width: 720}, appium:warnings: {}, appium:webStorageEnabled: false, platformName: ANDROID}
Element: [[AppiumDriver:  on ANDROID (9e9026d9-1f74-4cbd-9362-8342cc013f2c)] -> id: za.co.trenstar.android.scanner.dt50_android_11:id/login_sign_in_button]
Session ID: 9e9026d9-1f74-4cbd-9362-8342cc013f2c
at org.openqa.selenium.remote.ErrorCodec.decode(ErrorCodec.java:167)
at org.openqa.selenium.remote.codec.w3c.W3CHttpResponseCodec.decode(W3CHttpResponseCodec.java:138)
at org.openqa.selenium.remote.codec.w3c.W3CHttpResponseCodec.decode(W3CHttpResponseCodec.java:50)
at org.openqa.selenium.remote.HttpCommandExecutor.execute(HttpCommandExecutor.java:190)
at io.appium.java_client.remote.AppiumCommandExecutor.execute(AppiumCommandExecutor.java:237)
at org.openqa.selenium.remote.RemoteWebDriver.execute(RemoteWebDriver.java:545)
at org.openqa.selenium.remote.RemoteWebElement.execute(RemoteWebElement.java:223)
at org.openqa.selenium.remote.RemoteWebElement.click(RemoteWebElement.java:76)
at io.appium.java_client.pagefactory.ElementInterceptor.getObject(ElementInterceptor.java:42)
at io.appium.java_client.pagefactory.interceptors.InterceptorOfASingleElement.call(InterceptorOfASingleElement.java:79)
at io.appium.java_client.proxy.Interceptor.intercept(Interceptor.java:78)
at org.openqa.selenium.remote.RemoteWebElement$ByteBuddy$nQoiNv1v.click(Unknown Source)
at test.utils.MobiElementInteractions.clickMobiElement(MobiElementInteractions.java:26)
at test.pages.LoginPage.login(LoginPage.java:50)
at test.test.LoginTest.Login(LoginTest.java:25)
at java.base/java.util.ArrayList.forEach(ArrayList.java:1597)
at java.base/java.util.concurrent.FutureTask.run(FutureTask.java:317)
at java.base/java.util.concurrent.ThreadPoolExecutor.runWorker(ThreadPoolExecutor.java:1144)
at java.base/java.util.concurrent.ThreadPoolExecutor$Worker.run(ThreadPoolExecutor.java:642)
at java.base/java.lang.Thread.run(Thread.java:1575)
... Removed 20 stack frames]]>
    </failure>
  </testcase> <!-- Login -->
  <testcase classname="test.test.LoginTest" name="arrival" time="0.0">
    <skipped/>
  </testcase> <!-- arrival -->
</testsuite> <!-- Test on Device 3 -->
