<?xml version="1.0" encoding="UTF-8"?>
<!-- Generated by org.testng.reporters.JUnitXMLReporter -->
<testsuite ignored="2" hostname="Cecill-NB" failures="0" tests="1" name="Test on Device 1" time="1.661" errors="0" timestamp="2025-01-12T21:23:38 SAST">
  <testcase classname="test.test.LoginTest" name="@BeforeClass startDriver" time="1.432">
    <failure type="java.lang.NullPointerException" message="The provided search context cannot be null">
      <![CDATA[java.lang.NullPointerException: The provided search context cannot be null
at com.google.common.base.Preconditions.checkNotNull(Preconditions.java:907)
at io.appium.java_client.pagefactory.AppiumFieldDecorator.requireWebDriverReference(AppiumFieldDecorator.java:129)
at io.appium.java_client.pagefactory.AppiumFieldDecorator.<init>(AppiumFieldDecorator.java:86)
at io.appium.java_client.pagefactory.AppiumFieldDecorator.<init>(AppiumFieldDecorator.java:100)
at test.pages.LoginPage.<init>(LoginPage.java:13)
at test.test.LoginTest.startDriver(LoginTest.java:22)
at java.base/java.util.ArrayList.forEach(ArrayList.java:1597)
at java.base/java.util.concurrent.FutureTask.run(FutureTask.java:317)
at java.base/java.util.concurrent.ThreadPoolExecutor.runWorker(ThreadPoolExecutor.java:1144)
at java.base/java.util.concurrent.ThreadPoolExecutor$Worker.run(ThreadPoolExecutor.java:642)
at java.base/java.lang.Thread.run(Thread.java:1575)
... Removed 13 stack frames]]>
    </failure>
  </testcase> <!-- @BeforeClass startDriver -->
  <testcase classname="test.test.LoginTest" name="@AfterClass closeSession" time="0.0">
    <skipped/>
  </testcase> <!-- @AfterClass closeSession -->
  <testcase classname="test.test.LoginTest" name="RunOnBrowser" time="0.0">
    <skipped/>
  </testcase> <!-- RunOnBrowser -->
  <testcase classname="test.test.LoginTest" name="Login" time="0.0">
    <ignored/>
  </testcase> <!-- Login -->
  <testcase classname="test.test.LoginTest" name="arrival" time="0.0">
    <ignored/>
  </testcase> <!-- arrival -->
</testsuite> <!-- Test on Device 1 -->
